/Users/shindoryohei/youtube-auto/venv/lib/python3.9/site-packages/google/auth/__init__.py:54: FutureWarning: You are using a Python version 3.9 past its end of life. Google will update google-auth with critical bug fixes on a best-effort basis, but not with any other fixes or features. Please upgrade your Python version, and then update google-auth.
  warnings.warn(eol_message.format("3.9"), FutureWarning)
/Users/shindoryohei/youtube-auto/venv/lib/python3.9/site-packages/google/api_core/_python_version_support.py:246: FutureWarning: You are using a non-supported Python version (3.9.6). Google will not post any further updates to google.api_core supporting this Python version. Please upgrade to the latest Python version, or at least Python 3.10, and then update google.api_core.
  warnings.warn(message, FutureWarning)
/Users/shindoryohei/youtube-auto/venv/lib/python3.9/site-packages/urllib3/__init__.py:35: NotOpenSSLWarning: urllib3 v2 only supports OpenSSL 1.1.1+, currently the 'ssl' module is compiled with 'LibreSSL 2.8.3'. See: https://github.com/urllib3/urllib3/issues/3020
  warnings.warn(
/Users/shindoryohei/youtube-auto/venv/lib/python3.9/site-packages/google/oauth2/__init__.py:40: FutureWarning: You are using a Python version 3.9 past its end of life. Google will update google-auth with critical bug fixes on a best-effort basis, but not with any other fixes or features. Please upgrade your Python version, and then update google-auth.
  warnings.warn(eol_message.format("3.9"), FutureWarning)

============================================================
  Day 2: 売りたい人へ｜長期投資の真実 #Shorts
  動画: /Users/shindoryohei/youtube-auto/done/20260305_122608/output.mp4
  公開設定: public
============================================================
  アップロード開始: output.mp4
  タイトル: 売りたい人へ｜長期投資の真実 #Shorts
  公開設定: public
  アップロード完了: https://youtube.com/shorts/RD_sh-DpvJg
  サムネイル設定完了: thumbnail.png
  [警告] シートでタイトル「売りたい人へ｜長期投資の真実 #Shorts」が見つかりませんでした
  [警告] 初期ブースト処理に失敗: <HttpError 403 when requesting https://youtube.googleapis.com/youtube/v3/commentThreads?part=snippet&alt=json returned "Request had insufficient authentication scopes.". Details: "[{'message': 'Insufficient Permission', 'domain': 'global', 'reason': 'insufficientPermissions'}]">

  投稿完了: https://youtube.com/shorts/RD_sh-DpvJg

  スケジュール更新完了（day 2 = published）

  次回: day 3 (2026/03/06) — 暴落で売った人が、後悔している理由
